<?xml version="1.0" encoding="UTF-8"?>
<testng-results ignored="0" total="6" passed="6" failed="0" skipped="0">
  <reporter-output>
  </reporter-output>
  <suite started-at="2020-12-22T20:44:53 EST" name="Suite" finished-at="2020-12-22T20:44:53 EST" duration-ms="48">
    <groups>
    </groups>
    <test started-at="2020-12-22T20:44:53 EST" name="Test" finished-at="2020-12-22T20:44:53 EST" duration-ms="48">
      <class name="qaclickacademy.AppiumTest">
        <test-method signature="IOSApps()[pri:0, instance:qaclickacademy.AppiumTest@1677d1]" started-at="2020-12-22T20:44:53 EST" name="IOSApps" finished-at="2020-12-22T20:44:53 EST" duration-ms="5" status="PASS">
          <reporter-output>
          </reporter-output>
        </test-method> <!-- IOSApps -->
        <test-method signature="NativeAppAndroid()[pri:0, instance:qaclickacademy.AppiumTest@1677d1]" started-at="2020-12-22T20:44:53 EST" name="NativeAppAndroid" finished-at="2020-12-22T20:44:53 EST" duration-ms="0" status="PASS">
          <reporter-output>
          </reporter-output>
        </test-method> <!-- NativeAppAndroid -->
      </class> <!-- qaclickacademy.AppiumTest -->
      <class name="qaclickacademy.RESTAPITest">
        <test-method signature="deleteTwitter()[pri:0, instance:qaclickacademy.RESTAPITest@6ac13091]" started-at="2020-12-22T20:44:53 EST" name="deleteTwitter" finished-at="2020-12-22T20:44:53 EST" duration-ms="1" status="PASS">
          <reporter-output>
          </reporter-output>
        </test-method> <!-- deleteTwitter -->
        <test-method signature="postJira()[pri:0, instance:qaclickacademy.RESTAPITest@6ac13091]" started-at="2020-12-22T20:44:53 EST" name="postJira" finished-at="2020-12-22T20:44:53 EST" duration-ms="1" status="PASS">
          <reporter-output>
          </reporter-output>
        </test-method> <!-- postJira -->
      </class> <!-- qaclickacademy.RESTAPITest -->
      <class name="qaclickacademy.SeleniumTest">
        <test-method signature="BrowserAutomation()[pri:0, instance:qaclickacademy.SeleniumTest@48fa0f47]" started-at="2020-12-22T20:44:53 EST" name="BrowserAutomation" finished-at="2020-12-22T20:44:53 EST" duration-ms="0" status="PASS">
          <reporter-output>
          </reporter-output>
        </test-method> <!-- BrowserAutomation -->
        <test-method signature="elementsUi()[pri:0, instance:qaclickacademy.SeleniumTest@48fa0f47]" started-at="2020-12-22T20:44:53 EST" name="elementsUi" finished-at="2020-12-22T20:44:53 EST" duration-ms="1" status="PASS">
          <reporter-output>
          </reporter-output>
        </test-method> <!-- elementsUi -->
      </class> <!-- qaclickacademy.SeleniumTest -->
    </test> <!-- Test -->
  </suite> <!-- Suite -->
</testng-results>
