<?xml version="1.0" encoding="UTF-8"?>
<testng-results ignored="0" total="2" passed="2" failed="0" skipped="0">
  <reporter-output>
  </reporter-output>
  <suite started-at="2021-01-06T21:16:54 EST" name="Default suite" finished-at="2021-01-06T21:16:54 EST" duration-ms="96">
    <groups>
    </groups>
    <test started-at="2021-01-06T21:16:54 EST" name="Default test" finished-at="2021-01-06T21:16:54 EST" duration-ms="96">
      <class name="qaclickacademy.RESTAPITest">
        <test-method signature="deleteTwitter()[pri:0, instance:qaclickacademy.RESTAPITest@68999068]" started-at="2021-01-06T21:16:54 EST" name="deleteTwitter" finished-at="2021-01-06T21:16:54 EST" duration-ms="16" status="PASS">
          <reporter-output>
          </reporter-output>
        </test-method> <!-- deleteTwitter -->
        <test-method signature="postJira()[pri:0, instance:qaclickacademy.RESTAPITest@68999068]" started-at="2021-01-06T21:16:54 EST" name="postJira" finished-at="2021-01-06T21:16:54 EST" duration-ms="7" status="PASS">
          <reporter-output>
          </reporter-output>
        </test-method> <!-- postJira -->
      </class> <!-- qaclickacademy.RESTAPITest -->
    </test> <!-- Default test -->
  </suite> <!-- Default suite -->
</testng-results>
